#-----------------------------------------------------------
# Vivado v2017.4 (64-bit)
# SW Build 2086221 on Fri Dec 15 20:55:39 MST 2017
# IP Build 2085800 on Fri Dec 15 22:25:07 MST 2017
# Start of session at: Sat Jan 16 12:28:46 2021
# Process ID: 2276
# Current directory: C:/MIPSfpga/Minisys_1A_CPU/Minisys_1A_CPU
# Command line: vivado.exe -gui_launcher_event rodinguilauncherevent8672 C:\MIPSfpga\Minisys_1A_CPU\Minisys_1A_CPU\Minisys_1A_CPU.xpr
# Log file: C:/MIPSfpga/Minisys_1A_CPU/Minisys_1A_CPU/vivado.log
# Journal file: C:/MIPSfpga/Minisys_1A_CPU/Minisys_1A_CPU\vivado.jou
#-----------------------------------------------------------
start_gui
open_project C:/MIPSfpga/Minisys_1A_CPU/Minisys_1A_CPU/Minisys_1A_CPU.xpr
INFO: [Project 1-313] Project file moved from 'D:/Minisys_1A_CPU' since last save.
Scanning sources...
Finished scanning sources
INFO: [IP_Flow 19-234] Refreshing IP repositories
INFO: [IP_Flow 19-1704] No user IP repositories specified
INFO: [IP_Flow 19-2313] Loaded Vivado IP repository 'C:/VIVADO2017.4/Vivado/2017.4/data/ip'.
open_project: Time (s): cpu = 00:00:22 ; elapsed = 00:00:16 . Memory (MB): peak = 827.379 ; gain = 128.965
update_compile_order -fileset sources_1
exit
INFO: [Common 17-206] Exiting Vivado at Sat Jan 16 12:30:01 2021...
